<?xml version="1.0" encoding="UTF-8"?>
<testsuite xmlns:xsi="http://www.w3.org/2001/XMLSchema-instance" xsi:noNamespaceSchemaLocation="https://maven.apache.org/surefire/maven-surefire-plugin/xsd/surefire-test-report-3.0.xsd" version="3.0" name="ContatoDAOTest" time="1.066" tests="11" errors="10" skipped="0" failures="1">
  <properties>
[...]
</properties>
  <testcase name="inserir_contatoSimples_deveAtribuirIdDoBanco" classname="ContatoDAOTest" time="0.913">
    <error message="The object is already closed [90007-224]" type="org.h2.jdbc.JdbcSQLNonTransientException"><![CDATA[org.h2.jdbc.JdbcSQLNonTransientException: The object is already closed [90007-224]
	at org.h2.message.DbException.getJdbcSQLException(DbException.java:566)
	at org.h2.message.DbException.getJdbcSQLException(DbException.java:489)
	at org.h2.message.DbException.get(DbException.java:223)
	at org.h2.message.DbException.get(DbException.java:199)
	at org.h2.message.DbException.get(DbException.java:188)
	at org.h2.jdbc.JdbcConnection.checkClosed(JdbcConnection.java:1422)
	at org.h2.jdbc.JdbcConnection.createStatement(JdbcConnection.java:234)
	at ContatoDAOTest.encerrar(ContatoDAOTest.java:48)
	at java.base/java.lang.reflect.Method.invoke(Method.java:580)
	at java.base/java.util.ArrayList.forEach(ArrayList.java:1596)
	at java.base/java.util.ArrayList.forEach(ArrayList.java:1596)
]]></error>
  </testcase>
  <testcase name="deletar_deveRemoverApenasUm" classname="ContatoDAOTest" time="0.008">
    <error message="The object is already closed [90007-224]" type="org.h2.jdbc.JdbcSQLNonTransientException"><![CDATA[org.h2.jdbc.JdbcSQLNonTransientException: The object is already closed [90007-224]
	at org.h2.message.DbException.getJdbcSQLException(DbException.java:566)
	at org.h2.message.DbException.getJdbcSQLException(DbException.java:489)
	at org.h2.message.DbException.get(DbException.java:223)
	at org.h2.message.DbException.get(DbException.java:199)
	at org.h2.message.DbException.get(DbException.java:188)
	at org.h2.jdbc.JdbcConnection.checkClosed(JdbcConnection.java:1422)
	at org.h2.jdbc.JdbcConnection.prepareStatement(JdbcConnection.java:1091)
	at dao.ContatoDAO.inserir(ContatoDAO.java:30)
	at ContatoDAOTest.deletar_deveRemoverApenasUm(ContatoDAOTest.java:149)
	at java.base/java.lang.reflect.Method.invoke(Method.java:580)
	at java.base/java.util.ArrayList.forEach(ArrayList.java:1596)
	at java.base/java.util.ArrayList.forEach(ArrayList.java:1596)
	Suppressed: org.h2.jdbc.JdbcSQLNonTransientException: The object is already closed [90007-224]
		at org.h2.message.DbException.getJdbcSQLException(DbException.java:566)
		at org.h2.message.DbException.getJdbcSQLException(DbException.java:489)
		at org.h2.message.DbException.get(DbException.java:223)
		at org.h2.message.DbException.get(DbException.java:199)
		at org.h2.message.DbException.get(DbException.java:188)
		at org.h2.jdbc.JdbcConnection.checkClosed(JdbcConnection.java:1422)
		at org.h2.jdbc.JdbcConnection.createStatement(JdbcConnection.java:234)
		at ContatoDAOTest.encerrar(ContatoDAOTest.java:48)
		... 3 more
]]></error>
  </testcase>
  <testcase name="deletar_existente_deveRemoverDoBanco" classname="ContatoDAOTest" time="0.004">
    <error message="The object is already closed [90007-224]" type="org.h2.jdbc.JdbcSQLNonTransientException"><![CDATA[org.h2.jdbc.JdbcSQLNonTransientException: The object is already closed [90007-224]
	at org.h2.message.DbException.getJdbcSQLException(DbException.java:566)
	at org.h2.message.DbException.getJdbcSQLException(DbException.java:489)
	at org.h2.message.DbException.get(DbException.java:223)
	at org.h2.message.DbException.get(DbException.java:199)
	at org.h2.message.DbException.get(DbException.java:188)
	at org.h2.jdbc.JdbcConnection.checkClosed(JdbcConnection.java:1422)
	at org.h2.jdbc.JdbcConnection.prepareStatement(JdbcConnection.java:314)
	at dao.ContatoDAO.deletar(ContatoDAO.java:130)
	at ContatoDAOTest.deletar_existente_deveRemoverDoBanco(ContatoDAOTest.java:133)
	at java.base/java.lang.reflect.Method.invoke(Method.java:580)
	at java.base/java.util.ArrayList.forEach(ArrayList.java:1596)
	at java.base/java.util.ArrayList.forEach(ArrayList.java:1596)
	Suppressed: org.h2.jdbc.JdbcSQLNonTransientException: The object is already closed [90007-224]
		at org.h2.message.DbException.getJdbcSQLException(DbException.java:566)
		at org.h2.message.DbException.getJdbcSQLException(DbException.java:489)
		at org.h2.message.DbException.get(DbException.java:223)
		at org.h2.message.DbException.get(DbException.java:199)
		at org.h2.message.DbException.get(DbException.java:188)
		at org.h2.jdbc.JdbcConnection.checkClosed(JdbcConnection.java:1422)
		at org.h2.jdbc.JdbcConnection.createStatement(JdbcConnection.java:234)
		at ContatoDAOTest.encerrar(ContatoDAOTest.java:48)
		... 3 more
]]></error>
  </testcase>
  <testcase name="buscarPorId_inexistente_deveLancarExcecao" classname="ContatoDAOTest" time="0.035">
    <error message="The object is already closed [90007-224]" type="org.h2.jdbc.JdbcSQLNonTransientException"><![CDATA[org.h2.jdbc.JdbcSQLNonTransientException: The object is already closed [90007-224]
	at org.h2.message.DbException.getJdbcSQLException(DbException.java:566)
	at org.h2.message.DbException.getJdbcSQLException(DbException.java:489)
	at org.h2.message.DbException.get(DbException.java:223)
	at org.h2.message.DbException.get(DbException.java:199)
	at org.h2.message.DbException.get(DbException.java:188)
	at org.h2.jdbc.JdbcConnection.checkClosed(JdbcConnection.java:1422)
	at org.h2.jdbc.JdbcConnection.createStatement(JdbcConnection.java:234)
	at ContatoDAOTest.encerrar(ContatoDAOTest.java:48)
	at java.base/java.lang.reflect.Method.invoke(Method.java:580)
	at java.base/java.util.ArrayList.forEach(ArrayList.java:1596)
	at java.base/java.util.ArrayList.forEach(ArrayList.java:1596)
]]></error>
  </testcase>
  <testcase name="buscarPorId_existente_deveRetornarContato" classname="ContatoDAOTest" time="0.003">
    <error message="The object is already closed [90007-224]" type="org.h2.jdbc.JdbcSQLNonTransientException"><![CDATA[org.h2.jdbc.JdbcSQLNonTransientException: The object is already closed [90007-224]
	at org.h2.message.DbException.getJdbcSQLException(DbException.java:566)
	at org.h2.message.DbException.getJdbcSQLException(DbException.java:489)
	at org.h2.message.DbException.get(DbException.java:223)
	at org.h2.message.DbException.get(DbException.java:199)
	at org.h2.message.DbException.get(DbException.java:188)
	at org.h2.jdbc.JdbcConnection.checkClosed(JdbcConnection.java:1422)
	at org.h2.jdbc.JdbcConnection.prepareStatement(JdbcConnection.java:314)
	at dao.ContatoDAO.buscarPorId(ContatoDAO.java:88)
	at ContatoDAOTest.buscarPorId_existente_deveRetornarContato(ContatoDAOTest.java:95)
	at java.base/java.lang.reflect.Method.invoke(Method.java:580)
	at java.base/java.util.ArrayList.forEach(ArrayList.java:1596)
	at java.base/java.util.ArrayList.forEach(ArrayList.java:1596)
	Suppressed: org.h2.jdbc.JdbcSQLNonTransientException: The object is already closed [90007-224]
		at org.h2.message.DbException.getJdbcSQLException(DbException.java:566)
		at org.h2.message.DbException.getJdbcSQLException(DbException.java:489)
		at org.h2.message.DbException.get(DbException.java:223)
		at org.h2.message.DbException.get(DbException.java:199)
		at org.h2.message.DbException.get(DbException.java:188)
		at org.h2.jdbc.JdbcConnection.checkClosed(JdbcConnection.java:1422)
		at org.h2.jdbc.JdbcConnection.createStatement(JdbcConnection.java:234)
		at ContatoDAOTest.encerrar(ContatoDAOTest.java:48)
		... 3 more
]]></error>
  </testcase>
  <testcase name="atualizar_dadosValidos_deveModificarNoBanco" classname="ContatoDAOTest" time="0.003">
    <error message="The object is already closed [90007-224]" type="org.h2.jdbc.JdbcSQLNonTransientException"><![CDATA[org.h2.jdbc.JdbcSQLNonTransientException: The object is already closed [90007-224]
	at org.h2.message.DbException.getJdbcSQLException(DbException.java:566)
	at org.h2.message.DbException.getJdbcSQLException(DbException.java:489)
	at org.h2.message.DbException.get(DbException.java:223)
	at org.h2.message.DbException.get(DbException.java:199)
	at org.h2.message.DbException.get(DbException.java:188)
	at org.h2.jdbc.JdbcConnection.checkClosed(JdbcConnection.java:1422)
	at org.h2.jdbc.JdbcConnection.prepareStatement(JdbcConnection.java:314)
	at dao.ContatoDAO.atualizar(ContatoDAO.java:105)
	at ContatoDAOTest.atualizar_dadosValidos_deveModificarNoBanco(ContatoDAOTest.java:122)
	at java.base/java.lang.reflect.Method.invoke(Method.java:580)
	at java.base/java.util.ArrayList.forEach(ArrayList.java:1596)
	at java.base/java.util.ArrayList.forEach(ArrayList.java:1596)
	Suppressed: org.h2.jdbc.JdbcSQLNonTransientException: The object is already closed [90007-224]
		at org.h2.message.DbException.getJdbcSQLException(DbException.java:566)
		at org.h2.message.DbException.getJdbcSQLException(DbException.java:489)
		at org.h2.message.DbException.get(DbException.java:223)
		at org.h2.message.DbException.get(DbException.java:199)
		at org.h2.message.DbException.get(DbException.java:188)
		at org.h2.jdbc.JdbcConnection.checkClosed(JdbcConnection.java:1422)
		at org.h2.jdbc.JdbcConnection.createStatement(JdbcConnection.java:234)
		at ContatoDAOTest.encerrar(ContatoDAOTest.java:48)
		... 3 more
]]></error>
  </testcase>
  <testcase name="buscarTodos_bancoVazio_deveRetornarListaVazia" classname="ContatoDAOTest" time="0.012">
    <failure message="expected: &lt;true&gt; but was: &lt;false&gt;" type="org.opentest4j.AssertionFailedError"><![CDATA[org.opentest4j.AssertionFailedError: expected: <true> but was: <false>
	at org.junit.jupiter.api.AssertionFailureBuilder.build(AssertionFailureBuilder.java:151)
	at org.junit.jupiter.api.AssertionFailureBuilder.buildAndThrow(AssertionFailureBuilder.java:132)
	at org.junit.jupiter.api.AssertTrue.failNotTrue(AssertTrue.java:63)
	at org.junit.jupiter.api.AssertTrue.assertTrue(AssertTrue.java:36)
	at org.junit.jupiter.api.AssertTrue.assertTrue(AssertTrue.java:31)
	at org.junit.jupiter.api.Assertions.assertTrue(Assertions.java:183)
	at ContatoDAOTest.buscarTodos_bancoVazio_deveRetornarListaVazia(ContatoDAOTest.java:78)
	at java.base/java.lang.reflect.Method.invoke(Method.java:580)
	at java.base/java.util.ArrayList.forEach(ArrayList.java:1596)
	at java.base/java.util.ArrayList.forEach(ArrayList.java:1596)
	Suppressed: org.h2.jdbc.JdbcSQLNonTransientException: The object is already closed [90007-224]
		at org.h2.message.DbException.getJdbcSQLException(DbException.java:566)
		at org.h2.message.DbException.getJdbcSQLException(DbException.java:489)
		at org.h2.message.DbException.get(DbException.java:223)
		at org.h2.message.DbException.get(DbException.java:199)
		at org.h2.message.DbException.get(DbException.java:188)
		at org.h2.jdbc.JdbcConnection.checkClosed(JdbcConnection.java:1422)
		at org.h2.jdbc.JdbcConnection.createStatement(JdbcConnection.java:234)
		at ContatoDAOTest.encerrar(ContatoDAOTest.java:48)
		... 3 more
]]></failure>
  </testcase>
  <testcase name="buscarPorNome_parcial_deveEncontrar" classname="ContatoDAOTest" time="0.002">
    <error message="The object is already closed [90007-224]" type="org.h2.jdbc.JdbcSQLNonTransientException"><![CDATA[org.h2.jdbc.JdbcSQLNonTransientException: The object is already closed [90007-224]
	at org.h2.message.DbException.getJdbcSQLException(DbException.java:566)
	at org.h2.message.DbException.getJdbcSQLException(DbException.java:489)
	at org.h2.message.DbException.get(DbException.java:223)
	at org.h2.message.DbException.get(DbException.java:199)
	at org.h2.message.DbException.get(DbException.java:188)
	at org.h2.jdbc.JdbcConnection.checkClosed(JdbcConnection.java:1422)
	at org.h2.jdbc.JdbcConnection.prepareStatement(JdbcConnection.java:1091)
	at dao.ContatoDAO.inserir(ContatoDAO.java:30)
	at ContatoDAOTest.buscarPorNome_parcial_deveEncontrar(ContatoDAOTest.java:109)
	at java.base/java.lang.reflect.Method.invoke(Method.java:580)
	at java.base/java.util.ArrayList.forEach(ArrayList.java:1596)
	at java.base/java.util.ArrayList.forEach(ArrayList.java:1596)
	Suppressed: org.h2.jdbc.JdbcSQLNonTransientException: The object is already closed [90007-224]
		at org.h2.message.DbException.getJdbcSQLException(DbException.java:566)
		at org.h2.message.DbException.getJdbcSQLException(DbException.java:489)
		at org.h2.message.DbException.get(DbException.java:223)
		at org.h2.message.DbException.get(DbException.java:199)
		at org.h2.message.DbException.get(DbException.java:188)
		at org.h2.jdbc.JdbcConnection.checkClosed(JdbcConnection.java:1422)
		at org.h2.jdbc.JdbcConnection.createStatement(JdbcConnection.java:234)
		at ContatoDAOTest.encerrar(ContatoDAOTest.java:48)
		... 3 more
]]></error>
  </testcase>
  <testcase name="inserir_contatoComercial_deveSalvarEmpresa" classname="ContatoDAOTest" time="0.002">
    <error message="The object is already closed [90007-224]" type="org.h2.jdbc.JdbcSQLNonTransientException"><![CDATA[org.h2.jdbc.JdbcSQLNonTransientException: The object is already closed [90007-224]
	at org.h2.message.DbException.getJdbcSQLException(DbException.java:566)
	at org.h2.message.DbException.getJdbcSQLException(DbException.java:489)
	at org.h2.message.DbException.get(DbException.java:223)
	at org.h2.message.DbException.get(DbException.java:199)
	at org.h2.message.DbException.get(DbException.java:188)
	at org.h2.jdbc.JdbcConnection.checkClosed(JdbcConnection.java:1422)
	at org.h2.jdbc.JdbcConnection.prepareStatement(JdbcConnection.java:314)
	at dao.ContatoDAO.buscarPorId(ContatoDAO.java:88)
	at ContatoDAOTest.inserir_contatoComercial_deveSalvarEmpresa(ContatoDAOTest.java:70)
	at java.base/java.lang.reflect.Method.invoke(Method.java:580)
	at java.base/java.util.ArrayList.forEach(ArrayList.java:1596)
	at java.base/java.util.ArrayList.forEach(ArrayList.java:1596)
	Suppressed: org.h2.jdbc.JdbcSQLNonTransientException: The object is already closed [90007-224]
		at org.h2.message.DbException.getJdbcSQLException(DbException.java:566)
		at org.h2.message.DbException.getJdbcSQLException(DbException.java:489)
		at org.h2.message.DbException.get(DbException.java:223)
		at org.h2.message.DbException.get(DbException.java:199)
		at org.h2.message.DbException.get(DbException.java:188)
		at org.h2.jdbc.JdbcConnection.checkClosed(JdbcConnection.java:1422)
		at org.h2.jdbc.JdbcConnection.createStatement(JdbcConnection.java:234)
		at ContatoDAOTest.encerrar(ContatoDAOTest.java:48)
		... 3 more
]]></error>
  </testcase>
  <testcase name="deletar_inexistente_deveLancarExcecao" classname="ContatoDAOTest" time="0.002">
    <error message="The object is already closed [90007-224]" type="org.h2.jdbc.JdbcSQLNonTransientException"><![CDATA[org.h2.jdbc.JdbcSQLNonTransientException: The object is already closed [90007-224]
	at org.h2.message.DbException.getJdbcSQLException(DbException.java:566)
	at org.h2.message.DbException.getJdbcSQLException(DbException.java:489)
	at org.h2.message.DbException.get(DbException.java:223)
	at org.h2.message.DbException.get(DbException.java:199)
	at org.h2.message.DbException.get(DbException.java:188)
	at org.h2.jdbc.JdbcConnection.checkClosed(JdbcConnection.java:1422)
	at org.h2.jdbc.JdbcConnection.createStatement(JdbcConnection.java:234)
	at ContatoDAOTest.encerrar(ContatoDAOTest.java:48)
	at java.base/java.lang.reflect.Method.invoke(Method.java:580)
	at java.base/java.util.ArrayList.forEach(ArrayList.java:1596)
	at java.base/java.util.ArrayList.forEach(ArrayList.java:1596)
]]></error>
  </testcase>
  <testcase name="buscarTodos_aposInserir_deveRetornarTodos" classname="ContatoDAOTest" time="0.002">
    <error message="The object is already closed [90007-224]" type="org.h2.jdbc.JdbcSQLNonTransientException"><![CDATA[org.h2.jdbc.JdbcSQLNonTransientException: The object is already closed [90007-224]
	at org.h2.message.DbException.getJdbcSQLException(DbException.java:566)
	at org.h2.message.DbException.getJdbcSQLException(DbException.java:489)
	at org.h2.message.DbException.get(DbException.java:223)
	at org.h2.message.DbException.get(DbException.java:199)
	at org.h2.message.DbException.get(DbException.java:188)
	at org.h2.jdbc.JdbcConnection.checkClosed(JdbcConnection.java:1422)
	at org.h2.jdbc.JdbcConnection.prepareStatement(JdbcConnection.java:1091)
	at dao.ContatoDAO.inserir(ContatoDAO.java:30)
	at ContatoDAOTest.buscarTodos_aposInserir_deveRetornarTodos(ContatoDAOTest.java:85)
	at java.base/java.lang.reflect.Method.invoke(Method.java:580)
	at java.base/java.util.ArrayList.forEach(ArrayList.java:1596)
	at java.base/java.util.ArrayList.forEach(ArrayList.java:1596)
	Suppressed: org.h2.jdbc.JdbcSQLNonTransientException: The object is already closed [90007-224]
		at org.h2.message.DbException.getJdbcSQLException(DbException.java:566)
		at org.h2.message.DbException.getJdbcSQLException(DbException.java:489)
		at org.h2.message.DbException.get(DbException.java:223)
		at org.h2.message.DbException.get(DbException.java:199)
		at org.h2.message.DbException.get(DbException.java:188)
		at org.h2.jdbc.JdbcConnection.checkClosed(JdbcConnection.java:1422)
		at org.h2.jdbc.JdbcConnection.createStatement(JdbcConnection.java:234)
		at ContatoDAOTest.encerrar(ContatoDAOTest.java:48)
		... 3 more
]]></error>
  </testcase>
</testsuite>